c:\users\320106685\source\repos\openvinonew\x64\release\vc142.pdb
c:\users\320106685\source\repos\openvinonew\x64\release\openvinonew.obj
c:\users\320106685\source\repos\openvinonew\x64\release\opencv_world470.dll
c:\users\320106685\source\repos\openvinonew\x64\release\opencv_world470d.dll
c:\users\320106685\source\repos\openvinonew\x64\release\openvinod.dll
c:\users\320106685\source\repos\openvinonew\x64\release\openvino_cd.dll
c:\users\320106685\source\repos\openvinonew\x64\release\openvino_intel_cpu_plugind.dll
c:\users\320106685\source\repos\openvinonew\x64\release\openvino_ir_frontendd.dll
c:\users\320106685\source\repos\openvinonew\x64\release\openvino_onnx_frontendd.dll
c:\users\320106685\source\repos\openvinonew\x64\release\openvino.dll
c:\users\320106685\source\repos\openvinonew\x64\release\openvino_c.dll
c:\users\320106685\source\repos\openvinonew\x64\release\openvino_intel_cpu_plugin.dll
c:\users\320106685\source\repos\openvinonew\x64\release\openvino_ir_frontend.dll
c:\users\320106685\source\repos\openvinonew\x64\release\openvino_onnx_frontend.dll
c:\users\320106685\source\repos\openvinonew\x64\release\tbb12.dll
c:\users\320106685\source\repos\openvinonew\x64\release\tbb12_debug.dll
c:\users\320106685\source\repos\openvinonew\x64\release\openvinonew.exe
c:\users\320106685\source\repos\openvinonew\x64\release\openvinonew.pdb
c:\users\320106685\source\repos\openvinonew\x64\release\openvinonew.ipdb
c:\users\320106685\source\repos\openvinonew\x64\release\openvinonew.iobj
c:\users\320106685\source\repos\openvinonew\x64\release\openvinonew.res
c:\users\320106685\source\repos\openvinonew\x64\release\openvinonew.tlog\cl.command.1.tlog
c:\users\320106685\source\repos\openvinonew\x64\release\openvinonew.tlog\cl.read.1.tlog
c:\users\320106685\source\repos\openvinonew\x64\release\openvinonew.tlog\cl.write.1.tlog
c:\users\320106685\source\repos\openvinonew\x64\release\openvinonew.tlog\copyfile.command.1.tlog
c:\users\320106685\source\repos\openvinonew\x64\release\openvinonew.tlog\copyfile.read.1.tlog
c:\users\320106685\source\repos\openvinonew\x64\release\openvinonew.tlog\copyfile.write.1.tlog
c:\users\320106685\source\repos\openvinonew\x64\release\openvinonew.tlog\link.command.1.tlog
c:\users\320106685\source\repos\openvinonew\x64\release\openvinonew.tlog\link.read.1.tlog
c:\users\320106685\source\repos\openvinonew\x64\release\openvinonew.tlog\link.write.1.tlog
c:\users\320106685\source\repos\openvinonew\x64\release\openvinonew.tlog\openvinonew.write.1u.tlog
c:\users\320106685\source\repos\openvinonew\x64\release\openvinonew.tlog\rc.command.1.tlog
c:\users\320106685\source\repos\openvinonew\x64\release\openvinonew.tlog\rc.read.1.tlog
c:\users\320106685\source\repos\openvinonew\x64\release\openvinonew.tlog\rc.write.1.tlog
